app/build/outputs/logs/manifest-merger-debug-report.txt
-- Merging decision tree log ---
manifest
ADDED from src/main/AndroidManifest.xml:2:1-23:12
	package
		ADDED from src/main/AndroidManifest.xml:3:5-45
		INJECTED from src/main/AndroidManifest.xml
		INJECTED from src/main/AndroidManifest.xml
	android:versionName
		INJECTED from src/main/AndroidManifest.xml
		INJECTED from src/main/AndroidManifest.xml
	xmlns:android
		ADDED from src/main/AndroidManifest.xml:2:11-69
	android:versionCode
		INJECTED from src/main/AndroidManifest.xml
		INJECTED from src/main/AndroidManifest.xml
application
ADDED from src/main/AndroidManifest.xml:5:5-21:19
MERGED from [com.android.support:design:23.4.0] AndroidManifest.xml:22:5-20
MERGED from [com.android.support:support-v4:23.4.0] AndroidManifest.xml:22:5-20
MERGED from [com.android.support:appcompat-v7:23.4.0] AndroidManifest.xml:25:5-20
MERGED from [com.android.support:animated-vector-drawable:23.4.0] AndroidManifest.xml:7:5-20
MERGED from [com.android.support:support-vector-drawable:23.4.0] AndroidManifest.xml:7:5-20
MERGED from [tv.superawesome.lib.saadloader:saadloader:1.0.4] AndroidManifest.xml:11:5-15:19
MERGED from [tv.superawesome.lib.sanetwork:sanetwork:0.3.7] AndroidManifest.xml:13:5-21:19
MERGED from [tv.superawesome.lib.sautils:sautils:0.3.4] AndroidManifest.xml:13:5-17:19
MERGED from [tv.superawesome.lib.samodelspace:samodelspace:0.6.2] AndroidManifest.xml:11:5-15:19
MERGED from [tv.superawesome.lib.sajsonparser:sajsonparser:0.2.6] AndroidManifest.xml:11:5-15:19
MERGED from [tv.superawesome.lib.sasession:sasession:0.3.0] AndroidManifest.xml:11:5-15:19
MERGED from [tv.superawesome.lib.savastparser:savastparser:0.6.1] AndroidManifest.xml:11:5-15:19
	android:label
		ADDED from src/main/AndroidManifest.xml:8:9-41
	android:supportsRtl
		ADDED from src/main/AndroidManifest.xml:9:9-35
	android:allowBackup
		ADDED from src/main/AndroidManifest.xml:6:9-35
	android:icon
		ADDED from src/main/AndroidManifest.xml:7:9-43
	android:theme
		ADDED from src/main/AndroidManifest.xml:10:9-40
activity#superawesome.tv.saadloaderdemo.MainActivity
ADDED from src/main/AndroidManifest.xml:11:9-20:20
	android:label
		ADDED from src/main/AndroidManifest.xml:13:13-45
	android:theme
		ADDED from src/main/AndroidManifest.xml:14:13-56
	android:name
		ADDED from src/main/AndroidManifest.xml:12:13-41
intent-filter#android.intent.action.MAIN+android.intent.category.LAUNCHER
ADDED from src/main/AndroidManifest.xml:15:13-19:29
action#android.intent.action.MAIN
ADDED from src/main/AndroidManifest.xml:16:17-69
	android:name
		ADDED from src/main/AndroidManifest.xml:16:25-66
category#android.intent.category.LAUNCHER
ADDED from src/main/AndroidManifest.xml:18:17-77
	android:name
		ADDED from src/main/AndroidManifest.xml:18:27-74
uses-sdk
INJECTED from src/main/AndroidManifest.xml reason: use-sdk injection requested
MERGED from [com.android.support:design:23.4.0] AndroidManifest.xml:20:5-43
MERGED from [com.android.support:recyclerview-v7:23.4.0] AndroidManifest.xml:20:5-43
MERGED from [com.android.support:support-v4:23.4.0] AndroidManifest.xml:20:5-43
MERGED from [com.android.support:appcompat-v7:23.4.0] AndroidManifest.xml:21:5-23:78
MERGED from [com.android.support:animated-vector-drawable:23.4.0] AndroidManifest.xml:5:5-44
MERGED from [com.android.support:support-vector-drawable:23.4.0] AndroidManifest.xml:5:5-43
MERGED from [tv.superawesome.lib.saadloader:saadloader:1.0.4] AndroidManifest.xml:7:5-9:41
MERGED from [tv.superawesome.lib.sanetwork:sanetwork:0.3.7] AndroidManifest.xml:7:5-9:41
MERGED from [tv.superawesome.lib.sautils:sautils:0.3.4] AndroidManifest.xml:7:5-9:41
MERGED from [tv.superawesome.lib.samodelspace:samodelspace:0.6.2] AndroidManifest.xml:7:5-9:41
MERGED from [tv.superawesome.lib.sajsonparser:sajsonparser:0.2.6] AndroidManifest.xml:7:5-9:41
MERGED from [tv.superawesome.lib.sasession:sasession:0.3.0] AndroidManifest.xml:7:5-9:41
MERGED from [tv.superawesome.lib.savastparser:savastparser:0.6.1] AndroidManifest.xml:7:5-9:41
	tools:overrideLibrary
		ADDED from [com.android.support:appcompat-v7:23.4.0] AndroidManifest.xml:23:9-75
	android:targetSdkVersion
		INJECTED from src/main/AndroidManifest.xml
		INJECTED from src/main/AndroidManifest.xml
	android:minSdkVersion
		INJECTED from src/main/AndroidManifest.xml
		INJECTED from src/main/AndroidManifest.xml
uses-permission#android.permission.INTERNET
ADDED from [tv.superawesome.lib.sanetwork:sanetwork:0.3.7] AndroidManifest.xml:11:5-67
	android:name
		ADDED from [tv.superawesome.lib.sanetwork:sanetwork:0.3.7] AndroidManifest.xml:11:22-64
service#tv.superawesome.lib.sanetwork.asynctask.SAAsyncTask$SAAsync
ADDED from [tv.superawesome.lib.sanetwork:sanetwork:0.3.7] AndroidManifest.xml:17:9-20:72
	android:exported
		ADDED from [tv.superawesome.lib.sanetwork:sanetwork:0.3.7] AndroidManifest.xml:19:13-37
	android:permission
		ADDED from [tv.superawesome.lib.sanetwork:sanetwork:0.3.7] AndroidManifest.xml:20:13-69
	android:name
		ADDED from [tv.superawesome.lib.sanetwork:sanetwork:0.3.7] AndroidManifest.xml:18:13-87
uses-permission#android.permission.ACCESS_NETWORK_STATE
ADDED from [tv.superawesome.lib.sautils:sautils:0.3.4] AndroidManifest.xml:11:5-79
	android:name
		ADDED from [tv.superawesome.lib.sautils:sautils:0.3.4] AndroidManifest.xml:11:22-76